<?xml version="1.0" encoding="UTF-8"?>
<!-- Generated by org.testng.reporters.JUnitReportReporter -->
<testsuite hostname="DESKTOP-8U65DTJ" failures="0" tests="2" name="com.utility.HomePage" time="103.400" errors="0" timestamp="2021-10-19T12:59:35 IST" skipped="0">
  <testcase classname="com.utility.HomePage" name="baseNavigation" time="49.943"/>
  <system-out/>
  <testcase classname="com.utility.HomePage" name="baseNavigation" time="53.457"/>
  <system-out/>
</testsuite> <!-- com.utility.HomePage -->
