<?xml version="1.0" encoding="UTF-8"?>
<!-- Generated by org.testng.reporters.JUnitReportReporter -->
<testsuite hostname="DESKTOP-8U65DTJ" failures="0" tests="1" name="com.pageobject.HomePage" time="24.075" errors="0" timestamp="2021-10-19T12:10:29 IST" skipped="0">
  <testcase classname="com.pageobject.HomePage" name="baseNavigation" time="24.075"/>
  <system-out/>
</testsuite> <!-- com.pageobject.HomePage -->
