<?xml version="1.0" encoding="UTF-8"?>
<!-- Generated by org.testng.reporters.JUnitReportReporter -->
<testsuite hostname="DESKTOP-8U65DTJ" failures="0" tests="3" name="com.utility.AtlanticBooks" time="111.052" errors="0" timestamp="2021-10-20T09:50:04 IST" skipped="0">
  <testcase classname="com.utility.AtlanticBooks" name="baseNavigation" time="68.124"/>
  <system-out/>
  <testcase classname="com.utility.AtlanticBooks" name="baseNavigation" time="31.875"/>
  <system-out/>
  <testcase classname="com.utility.AtlanticBooks" name="searchProductTesting" time="11.053"/>
  <system-out/>
</testsuite> <!-- com.utility.AtlanticBooks -->
