<?xml version="1.0" encoding="UTF-8"?>
<!-- Generated by org.testng.reporters.JUnitReportReporter -->
<testsuite hostname="DESKTOP-8U65DTJ" failures="0" tests="1" name="PractFramework.PractFramework.AppTest" time="0.043" errors="0" timestamp="2021-10-25T08:49:38 IST" skipped="0">
  <testcase classname="PractFramework.PractFramework.AppTest" name="shouldAnswerWithTrue" time="0.043"/>
</testsuite> <!-- PractFramework.PractFramework.AppTest -->
