<?xml version="1.0" encoding="UTF-8"?>
<!-- Generated by org.testng.reporters.JUnitReportReporter -->
<testsuite hostname="DESKTOP-8U65DTJ" failures="0" tests="13" name="runnerBDD.BigSmallRunner" time="159.897" errors="0" timestamp="2021-11-21T23:35:05 IST" skipped="0">
  <testcase classname="runnerBDD.BigSmallRunner" name="runScenario" time="7.884"/>
  <system-out/>
  <testcase classname="runnerBDD.BigSmallRunner" name="runScenario" time="22.714"/>
  <system-out/>
  <testcase classname="runnerBDD.BigSmallRunner" name="runScenario" time="11.574"/>
  <system-out/>
  <testcase classname="runnerBDD.BigSmallRunner" name="runScenario" time="2.804"/>
  <system-out/>
  <testcase classname="runnerBDD.BigSmallRunner" name="runScenario" time="52.930"/>
  <system-out/>
  <testcase classname="runnerBDD.BigSmallRunner" name="runScenario" time="13.284"/>
  <system-out/>
  <testcase classname="runnerBDD.BigSmallRunner" name="runScenario" time="2.893"/>
  <system-out/>
  <testcase classname="runnerBDD.BigSmallRunner" name="runScenario" time="6.050"/>
  <system-out/>
  <testcase classname="runnerBDD.BigSmallRunner" name="runScenario" time="4.948"/>
  <system-out/>
  <testcase classname="runnerBDD.BigSmallRunner" name="runScenario" time="3.812"/>
  <system-out/>
  <testcase classname="runnerBDD.BigSmallRunner" name="runScenario" time="14.777"/>
  <system-out/>
  <testcase classname="runnerBDD.BigSmallRunner" name="runScenario" time="6.608"/>
  <system-out/>
  <testcase classname="runnerBDD.BigSmallRunner" name="runScenario" time="9.619"/>
  <system-out/>
</testsuite> <!-- runnerBDD.BigSmallRunner -->
