<?xml version="1.0" encoding="UTF-8"?>
<!-- Generated by org.testng.reporters.JUnitReportReporter -->
<testsuite hostname="DESKTOP-8U65DTJ" failures="0" tests="12" name="runnerBDD.BigSmallRunner" time="188.183" errors="0" timestamp="2021-11-18T10:26:02 IST" skipped="0">
  <testcase classname="runnerBDD.BigSmallRunner" name="runScenario" time="6.240"/>
  <system-out/>
  <testcase classname="runnerBDD.BigSmallRunner" name="runScenario" time="5.455"/>
  <system-out/>
  <testcase classname="runnerBDD.BigSmallRunner" name="runScenario" time="14.985"/>
  <system-out/>
  <testcase classname="runnerBDD.BigSmallRunner" name="runScenario" time="43.274"/>
  <system-out/>
  <testcase classname="runnerBDD.BigSmallRunner" name="runScenario" time="8.118"/>
  <system-out/>
  <testcase classname="runnerBDD.BigSmallRunner" name="runScenario" time="14.777"/>
  <system-out/>
  <testcase classname="runnerBDD.BigSmallRunner" name="runScenario" time="54.851"/>
  <system-out/>
  <testcase classname="runnerBDD.BigSmallRunner" name="runScenario" time="11.361"/>
  <system-out/>
  <testcase classname="runnerBDD.BigSmallRunner" name="runScenario" time="13.937"/>
  <system-out/>
  <testcase classname="runnerBDD.BigSmallRunner" name="runScenario" time="6.896"/>
  <system-out/>
  <testcase classname="runnerBDD.BigSmallRunner" name="runScenario" time="2.681"/>
  <system-out/>
  <testcase classname="runnerBDD.BigSmallRunner" name="runScenario" time="5.608"/>
  <system-out/>
</testsuite> <!-- runnerBDD.BigSmallRunner -->
